<?xml version="1.0" encoding="UTF-8"?>
<coverage generated="1763121263060" clover="3.2.0">
  <project timestamp="1763121263060" name="All files">
    <metrics statements="73" coveredstatements="64" conditionals="97" coveredconditionals="73" methods="21" coveredmethods="18" elements="191" coveredelements="155" complexity="0" loc="73" ncloc="73" packages="9" files="17" classes="17"/>
    <package name="assets">
      <metrics statements="0" coveredstatements="0" conditionals="0" coveredconditionals="0" methods="0" coveredmethods="0"/>
      <file name="cog.svg" path="C:\Users\joshu\Accounting Web App\frontend\src\assets\cog.svg">
        <metrics statements="0" coveredstatements="0" conditionals="0" coveredconditionals="0" methods="0" coveredmethods="0"/>
      </file>
    </package>
    <package name="components.Backdrop">
      <metrics statements="2" coveredstatements="2" conditionals="10" coveredconditionals="10" methods="1" coveredmethods="1"/>
      <file name="Backdrop.module.css" path="C:\Users\joshu\Accounting Web App\frontend\src\components\Backdrop\Backdrop.module.css">
        <metrics statements="0" coveredstatements="0" conditionals="0" coveredconditionals="0" methods="0" coveredmethods="0"/>
      </file>
      <file name="Backdrop.tsx" path="C:\Users\joshu\Accounting Web App\frontend\src\components\Backdrop\Backdrop.tsx">
        <metrics statements="2" coveredstatements="2" conditionals="10" coveredconditionals="10" methods="1" coveredmethods="1"/>
        <line num="9" count="1" type="stmt"/>
        <line num="10" count="4" type="stmt"/>
      </file>
    </package>
    <package name="components.Button">
      <metrics statements="7" coveredstatements="7" conditionals="4" coveredconditionals="4" methods="1" coveredmethods="1"/>
      <file name="Button.module.css" path="C:\Users\joshu\Accounting Web App\frontend\src\components\Button\Button.module.css">
        <metrics statements="0" coveredstatements="0" conditionals="0" coveredconditionals="0" methods="0" coveredmethods="0"/>
      </file>
      <file name="Button.tsx" path="C:\Users\joshu\Accounting Web App\frontend\src\components\Button\Button.tsx">
        <metrics statements="7" coveredstatements="7" conditionals="4" coveredconditionals="4" methods="1" coveredmethods="1"/>
        <line num="12" count="1" type="stmt"/>
        <line num="14" count="8" type="stmt"/>
        <line num="16" count="8" type="cond" truecount="2" falsecount="0"/>
        <line num="17" count="5" type="stmt"/>
        <line num="25" count="8" type="cond" truecount="2" falsecount="0"/>
        <line num="26" count="3" type="stmt"/>
        <line num="33" count="8" type="stmt"/>
      </file>
    </package>
    <package name="components.Card">
      <metrics statements="2" coveredstatements="2" conditionals="0" coveredconditionals="0" methods="1" coveredmethods="1"/>
      <file name="Card.module.css" path="C:\Users\joshu\Accounting Web App\frontend\src\components\Card\Card.module.css">
        <metrics statements="0" coveredstatements="0" conditionals="0" coveredconditionals="0" methods="0" coveredmethods="0"/>
      </file>
      <file name="Card.tsx" path="C:\Users\joshu\Accounting Web App\frontend\src\components\Card\Card.tsx">
        <metrics statements="2" coveredstatements="2" conditionals="0" coveredconditionals="0" methods="1" coveredmethods="1"/>
        <line num="3" count="1" type="stmt"/>
        <line num="4" count="2" type="stmt"/>
      </file>
    </package>
    <package name="components.Gallery">
      <metrics statements="31" coveredstatements="24" conditionals="63" coveredconditionals="45" methods="10" coveredmethods="7"/>
      <file name="Gallery.module.css" path="C:\Users\joshu\Accounting Web App\frontend\src\components\Gallery\Gallery.module.css">
        <metrics statements="0" coveredstatements="0" conditionals="0" coveredconditionals="0" methods="0" coveredmethods="0"/>
      </file>
      <file name="Gallery.tsx" path="C:\Users\joshu\Accounting Web App\frontend\src\components\Gallery\Gallery.tsx">
        <metrics statements="31" coveredstatements="24" conditionals="63" coveredconditionals="45" methods="10" coveredmethods="7"/>
        <line num="59" count="11" type="stmt"/>
        <line num="61" count="11" type="stmt"/>
        <line num="62" count="11" type="cond" truecount="1" falsecount="1"/>
        <line num="64" count="11" type="cond" truecount="2" falsecount="0"/>
        <line num="65" count="11" type="cond" truecount="2" falsecount="0"/>
        <line num="66" count="11" type="cond" truecount="1" falsecount="1"/>
        <line num="68" count="11" type="stmt"/>
        <line num="69" count="1" type="stmt"/>
        <line num="70" count="1" type="stmt"/>
        <line num="71" count="1" type="stmt"/>
        <line num="73" count="1" type="cond" truecount="1" falsecount="1"/>
        <line num="74" count="1" type="cond" truecount="3" falsecount="1"/>
        <line num="77" count="11" type="stmt"/>
        <line num="78" count="1" type="stmt"/>
        <line num="79" count="1" type="stmt"/>
        <line num="80" count="1" type="stmt"/>
        <line num="82" count="1" type="cond" truecount="1" falsecount="1"/>
        <line num="83" count="1" type="cond" truecount="3" falsecount="1"/>
        <line num="86" count="11" type="stmt"/>
        <line num="87" count="0" type="stmt"/>
        <line num="88" count="0" type="stmt"/>
        <line num="89" count="0" type="cond" truecount="0" falsecount="2"/>
        <line num="90" count="0" type="stmt"/>
        <line num="91" count="0" type="stmt"/>
        <line num="95" count="11" type="stmt"/>
        <line num="96" count="11" type="stmt"/>
        <line num="99" count="11" type="stmt"/>
        <line num="101" count="11" type="stmt"/>
        <line num="104" count="17" type="cond" truecount="4" falsecount="0"/>
        <line num="120" count="0" type="stmt"/>
        <line num="144" count="0" type="stmt"/>
      </file>
    </package>
    <package name="components.Navigation">
      <metrics statements="15" coveredstatements="14" conditionals="6" coveredconditionals="3" methods="5" coveredmethods="5"/>
      <file name="Navigation.module.css" path="C:\Users\joshu\Accounting Web App\frontend\src\components\Navigation\Navigation.module.css">
        <metrics statements="0" coveredstatements="0" conditionals="0" coveredconditionals="0" methods="0" coveredmethods="0"/>
      </file>
      <file name="Navigation.tsx" path="C:\Users\joshu\Accounting Web App\frontend\src\components\Navigation\Navigation.tsx">
        <metrics statements="15" coveredstatements="14" conditionals="6" coveredconditionals="3" methods="5" coveredmethods="5"/>
        <line num="7" count="1" type="stmt"/>
        <line num="11" count="8" type="stmt"/>
        <line num="12" count="8" type="stmt"/>
        <line num="14" count="8" type="stmt"/>
        <line num="15" count="3" type="stmt"/>
        <line num="19" count="8" type="stmt"/>
        <line num="23" count="8" type="stmt"/>
        <line num="24" count="4" type="stmt"/>
        <line num="25" count="1" type="cond" truecount="1" falsecount="1"/>
        <line num="26" count="0" type="cond" truecount="0" falsecount="2"/>
        <line num="28" count="1" type="stmt"/>
        <line num="31" count="4" type="stmt"/>
        <line num="33" count="4" type="stmt"/>
        <line num="34" count="4" type="stmt"/>
        <line num="38" count="8" type="stmt"/>
      </file>
    </package>
    <package name="components.Notify">
      <metrics statements="9" coveredstatements="8" conditionals="6" coveredconditionals="4" methods="1" coveredmethods="1"/>
      <file name="Notify.module.css" path="C:\Users\joshu\Accounting Web App\frontend\src\components\Notify\Notify.module.css">
        <metrics statements="0" coveredstatements="0" conditionals="0" coveredconditionals="0" methods="0" coveredmethods="0"/>
      </file>
      <file name="Notify.tsx" path="C:\Users\joshu\Accounting Web App\frontend\src\components\Notify\Notify.tsx">
        <metrics statements="9" coveredstatements="8" conditionals="6" coveredconditionals="4" methods="1" coveredmethods="1"/>
        <line num="13" count="9" type="cond" truecount="3" falsecount="1"/>
        <line num="15" count="7" type="stmt"/>
        <line num="16" count="7" type="stmt"/>
        <line num="18" count="1" type="stmt"/>
        <line num="19" count="1" type="stmt"/>
        <line num="21" count="1" type="stmt"/>
        <line num="22" count="1" type="stmt"/>
        <line num="24" count="0" type="stmt"/>
        <line num="27" count="9" type="stmt"/>
      </file>
    </package>
    <package name="components.VerticalGallery">
      <metrics statements="3" coveredstatements="3" conditionals="8" coveredconditionals="7" methods="1" coveredmethods="1"/>
      <file name="VerticalGallery.module.css" path="C:\Users\joshu\Accounting Web App\frontend\src\components\VerticalGallery\VerticalGallery.module.css">
        <metrics statements="0" coveredstatements="0" conditionals="0" coveredconditionals="0" methods="0" coveredmethods="0"/>
      </file>
      <file name="VerticalGallery.tsx" path="C:\Users\joshu\Accounting Web App\frontend\src\components\VerticalGallery\VerticalGallery.tsx">
        <metrics statements="3" coveredstatements="3" conditionals="8" coveredconditionals="7" methods="1" coveredmethods="1"/>
        <line num="34" count="7" type="stmt"/>
        <line num="35" count="7" type="cond" truecount="1" falsecount="1"/>
        <line num="49" count="7" type="stmt"/>
      </file>
    </package>
    <package name="utils">
      <metrics statements="4" coveredstatements="4" conditionals="0" coveredconditionals="0" methods="1" coveredmethods="1"/>
      <file name="constants.tsx" path="C:\Users\joshu\Accounting Web App\frontend\src\utils\constants.tsx">
        <metrics statements="1" coveredstatements="1" conditionals="0" coveredconditionals="0" methods="0" coveredmethods="0"/>
        <line num="1" count="2" type="stmt"/>
      </file>
      <file name="createUser.tsx" path="C:\Users\joshu\Accounting Web App\frontend\src\utils\createUser.tsx">
        <metrics statements="3" coveredstatements="3" conditionals="0" coveredconditionals="0" methods="1" coveredmethods="1"/>
        <line num="4" count="4" type="stmt"/>
        <line num="5" count="18" type="stmt"/>
        <line num="6" count="18" type="stmt"/>
      </file>
    </package>
  </project>
</coverage>
