{"C:\\Users\\joshu\\Accounting Web App\\frontend\\src\\assets\\cog.svg": {"path":"C:\\Users\\joshu\\Accounting Web App\\frontend\\src\\assets\\cog.svg","statementMap":{},"fnMap":{},"branchMap":{},"s":{},"f":{},"b":{},"meta":{"lastBranch":0,"lastFunction":0,"lastStatement":0,"seen":{}}}
,"C:\\Users\\joshu\\Accounting Web App\\frontend\\src\\components\\Backdrop\\Backdrop.module.css": {"path":"C:\\Users\\joshu\\Accounting Web App\\frontend\\src\\components\\Backdrop\\Backdrop.module.css","statementMap":{},"fnMap":{},"branchMap":{},"s":{},"f":{},"b":{},"meta":{"lastBranch":0,"lastFunction":0,"lastStatement":0,"seen":{}}}
,"C:\\Users\\joshu\\Accounting Web App\\frontend\\src\\components\\Backdrop\\Backdrop.tsx": {"path":"C:\\Users\\joshu\\Accounting Web App\\frontend\\src\\components\\Backdrop\\Backdrop.tsx","statementMap":{"0":{"start":{"line":9,"column":17},"end":{"line":23,"column":null}},"1":{"start":{"line":10,"column":4},"end":{"line":21,"column":null}}},"fnMap":{"0":{"name":"(anonymous_0)","decl":{"start":{"line":9,"column":17},"end":{"line":9,"column":18}},"loc":{"start":{"line":9,"column":81},"end":{"line":23,"column":null}},"line":9}},"branchMap":{"0":{"loc":{"start":{"line":12,"column":13},"end":{"line":18,"column":null}},"type":"binary-expr","locations":[{"start":{"line":12,"column":13},"end":{"line":12,"column":null}},{"start":{"line":13,"column":16},"end":{"line":18,"column":null}}],"line":12},"1":{"loc":{"start":{"line":13,"column":55},"end":{"line":13,"column":null}},"type":"cond-expr","locations":[{"start":{"line":13,"column":65},"end":{"line":13,"column":90}},{"start":{"line":13,"column":90},"end":{"line":13,"column":null}}],"line":13},"2":{"loc":{"start":{"line":14,"column":36},"end":{"line":14,"column":77}},"type":"cond-expr","locations":[{"start":{"line":14,"column":46},"end":{"line":14,"column":64}},{"start":{"line":14,"column":64},"end":{"line":14,"column":77}}],"line":14},"3":{"loc":{"start":{"line":15,"column":57},"end":{"line":15,"column":null}},"type":"cond-expr","locations":[{"start":{"line":15,"column":66},"end":{"line":15,"column":82}},{"start":{"line":15,"column":82},"end":{"line":15,"column":null}}],"line":15},"4":{"loc":{"start":{"line":20,"column":13},"end":{"line":20,"column":null}},"type":"binary-expr","locations":[{"start":{"line":20,"column":13},"end":{"line":20,"column":26}},{"start":{"line":20,"column":26},"end":{"line":20,"column":null}}],"line":20}},"s":{"0":1,"1":4},"f":{"0":4},"b":{"0":[4,3],"1":[2,1],"2":[2,1],"3":[1,2],"4":[4,1]},"meta":{"lastBranch":5,"lastFunction":1,"lastStatement":2,"seen":{"s:9:17:23:Infinity":0,"f:9:17:9:18":0,"s:10:4:21:Infinity":1,"b:12:13:12:Infinity:13:16:18:Infinity":0,"b:13:65:13:90:13:90:13:Infinity":1,"b:14:46:14:64:14:64:14:77":2,"b:15:66:15:82:15:82:15:Infinity":3,"b:20:13:20:26:20:26:20:Infinity":4}}}
,"C:\\Users\\joshu\\Accounting Web App\\frontend\\src\\components\\Button\\Button.module.css": {"path":"C:\\Users\\joshu\\Accounting Web App\\frontend\\src\\components\\Button\\Button.module.css","statementMap":{},"fnMap":{},"branchMap":{},"s":{},"f":{},"b":{},"meta":{"lastBranch":0,"lastFunction":0,"lastStatement":0,"seen":{}}}
,"C:\\Users\\joshu\\Accounting Web App\\frontend\\src\\components\\Button\\Button.tsx": {"path":"C:\\Users\\joshu\\Accounting Web App\\frontend\\src\\components\\Button\\Button.tsx","statementMap":{"0":{"start":{"line":12,"column":15},"end":{"line":34,"column":null}},"1":{"start":{"line":14,"column":46},"end":{"line":14,"column":null}},"2":{"start":{"line":16,"column":4},"end":{"line":23,"column":5}},"3":{"start":{"line":17,"column":8},"end":{"line":22,"column":null}},"4":{"start":{"line":25,"column":4},"end":{"line":31,"column":5}},"5":{"start":{"line":26,"column":8},"end":{"line":30,"column":null}},"6":{"start":{"line":33,"column":4},"end":{"line":33,"column":null}}},"fnMap":{"0":{"name":"(anonymous_0)","decl":{"start":{"line":12,"column":15},"end":{"line":12,"column":16}},"loc":{"start":{"line":12,"column":76},"end":{"line":34,"column":null}},"line":12}},"branchMap":{"0":{"loc":{"start":{"line":16,"column":4},"end":{"line":23,"column":5}},"type":"if","locations":[{"start":{"line":16,"column":4},"end":{"line":23,"column":5}},{"start":{},"end":{}}],"line":16},"1":{"loc":{"start":{"line":25,"column":4},"end":{"line":31,"column":5}},"type":"if","locations":[{"start":{"line":25,"column":4},"end":{"line":31,"column":5}},{"start":{},"end":{}}],"line":25}},"s":{"0":1,"1":8,"2":8,"3":5,"4":8,"5":3,"6":8},"f":{"0":8},"b":{"0":[5,3],"1":[3,5]},"meta":{"lastBranch":2,"lastFunction":1,"lastStatement":7,"seen":{"s:12:15:34:Infinity":0,"f:12:15:12:16":0,"s:14:46:14:Infinity":1,"b:16:4:23:5:undefined:undefined:undefined:undefined":0,"s:16:4:23:5":2,"s:17:8:22:Infinity":3,"b:25:4:31:5:undefined:undefined:undefined:undefined":1,"s:25:4:31:5":4,"s:26:8:30:Infinity":5,"s:33:4:33:Infinity":6}}}
,"C:\\Users\\joshu\\Accounting Web App\\frontend\\src\\components\\Card\\Card.module.css": {"path":"C:\\Users\\joshu\\Accounting Web App\\frontend\\src\\components\\Card\\Card.module.css","statementMap":{},"fnMap":{},"branchMap":{},"s":{},"f":{},"b":{},"meta":{"lastBranch":0,"lastFunction":0,"lastStatement":0,"seen":{}}}
,"C:\\Users\\joshu\\Accounting Web App\\frontend\\src\\components\\Card\\Card.tsx": {"path":"C:\\Users\\joshu\\Accounting Web App\\frontend\\src\\components\\Card\\Card.tsx","statementMap":{"0":{"start":{"line":3,"column":13},"end":{"line":9,"column":null}},"1":{"start":{"line":4,"column":4},"end":{"line":7,"column":null}}},"fnMap":{"0":{"name":"(anonymous_0)","decl":{"start":{"line":3,"column":13},"end":{"line":3,"column":14}},"loc":{"start":{"line":3,"column":30},"end":{"line":9,"column":null}},"line":3}},"branchMap":{},"s":{"0":1,"1":2},"f":{"0":2},"b":{},"meta":{"lastBranch":0,"lastFunction":1,"lastStatement":2,"seen":{"s:3:13:9:Infinity":0,"f:3:13:3:14":0,"s:4:4:7:Infinity":1}}}
,"C:\\Users\\joshu\\Accounting Web App\\frontend\\src\\components\\Gallery\\Gallery.module.css": {"path":"C:\\Users\\joshu\\Accounting Web App\\frontend\\src\\components\\Gallery\\Gallery.module.css","statementMap":{},"fnMap":{},"branchMap":{},"s":{},"f":{},"b":{},"meta":{"lastBranch":0,"lastFunction":0,"lastStatement":0,"seen":{}}}
,"C:\\Users\\joshu\\Accounting Web App\\frontend\\src\\components\\Gallery\\Gallery.tsx": {"path":"C:\\Users\\joshu\\Accounting Web App\\frontend\\src\\components\\Gallery\\Gallery.tsx","statementMap":{"0":{"start":{"line":59,"column":8},"end":{"line":59,"column":null}},"1":{"start":{"line":61,"column":32},"end":{"line":61,"column":null}},"2":{"start":{"line":62,"column":18},"end":{"line":62,"column":null}},"3":{"start":{"line":64,"column":24},"end":{"line":64,"column":null}},"4":{"start":{"line":65,"column":21},"end":{"line":65,"column":null}},"5":{"start":{"line":66,"column":23},"end":{"line":66,"column":null}},"6":{"start":{"line":68,"column":44},"end":{"line":75,"column":null}},"7":{"start":{"line":69,"column":8},"end":{"line":69,"column":null}},"8":{"start":{"line":70,"column":28},"end":{"line":70,"column":null}},"9":{"start":{"line":71,"column":21},"end":{"line":71,"column":null}},"10":{"start":{"line":71,"column":46},"end":{"line":71,"column":80}},"11":{"start":{"line":73,"column":8},"end":{"line":73,"column":null}},"12":{"start":{"line":73,"column":35},"end":{"line":73,"column":null}},"13":{"start":{"line":74,"column":8},"end":{"line":74,"column":null}},"14":{"start":{"line":74,"column":63},"end":{"line":74,"column":null}},"15":{"start":{"line":77,"column":43},"end":{"line":84,"column":null}},"16":{"start":{"line":78,"column":8},"end":{"line":78,"column":null}},"17":{"start":{"line":79,"column":28},"end":{"line":79,"column":null}},"18":{"start":{"line":80,"column":21},"end":{"line":80,"column":null}},"19":{"start":{"line":80,"column":46},"end":{"line":80,"column":80}},"20":{"start":{"line":82,"column":8},"end":{"line":82,"column":null}},"21":{"start":{"line":82,"column":35},"end":{"line":82,"column":null}},"22":{"start":{"line":83,"column":8},"end":{"line":83,"column":null}},"23":{"start":{"line":83,"column":62},"end":{"line":83,"column":null}},"24":{"start":{"line":86,"column":41},"end":{"line":93,"column":null}},"25":{"start":{"line":87,"column":8},"end":{"line":87,"column":null}},"26":{"start":{"line":88,"column":28},"end":{"line":88,"column":null}},"27":{"start":{"line":89,"column":8},"end":{"line":92,"column":9}},"28":{"start":{"line":90,"column":12},"end":{"line":90,"column":null}},"29":{"start":{"line":91,"column":12},"end":{"line":91,"column":null}},"30":{"start":{"line":95,"column":4},"end":{"line":97,"column":null}},"31":{"start":{"line":96,"column":8},"end":{"line":96,"column":null}},"32":{"start":{"line":99,"column":20},"end":{"line":99,"column":null}},"33":{"start":{"line":101,"column":4},"end":{"line":162,"column":null}},"34":{"start":{"line":104,"column":12},"end":{"line":160,"column":null}},"35":{"start":{"line":120,"column":53},"end":{"line":120,"column":71}},"36":{"start":{"line":144,"column":53},"end":{"line":144,"column":71}}},"fnMap":{"0":{"name":"Gallery","decl":{"start":{"line":44,"column":9},"end":{"line":44,"column":17}},"loc":{"start":{"line":44,"column":42},"end":{"line":164,"column":1}},"line":44},"1":{"name":"(anonymous_1)","decl":{"start":{"line":68,"column":44},"end":{"line":68,"column":45}},"loc":{"start":{"line":68,"column":79},"end":{"line":75,"column":null}},"line":68},"2":{"name":"(anonymous_2)","decl":{"start":{"line":71,"column":38},"end":{"line":71,"column":46}},"loc":{"start":{"line":71,"column":46},"end":{"line":71,"column":80}},"line":71},"3":{"name":"(anonymous_3)","decl":{"start":{"line":77,"column":43},"end":{"line":77,"column":44}},"loc":{"start":{"line":77,"column":78},"end":{"line":84,"column":null}},"line":77},"4":{"name":"(anonymous_4)","decl":{"start":{"line":80,"column":38},"end":{"line":80,"column":46}},"loc":{"start":{"line":80,"column":46},"end":{"line":80,"column":80}},"line":80},"5":{"name":"(anonymous_5)","decl":{"start":{"line":86,"column":41},"end":{"line":86,"column":42}},"loc":{"start":{"line":86,"column":76},"end":{"line":93,"column":null}},"line":86},"6":{"name":"(anonymous_6)","decl":{"start":{"line":95,"column":14},"end":{"line":95,"column":20}},"loc":{"start":{"line":95,"column":20},"end":{"line":97,"column":6}},"line":95},"7":{"name":"(anonymous_7)","decl":{"start":{"line":103,"column":59},"end":{"line":103,"column":60}},"loc":{"start":{"line":104,"column":12},"end":{"line":160,"column":null}},"line":104},"8":{"name":"(anonymous_8)","decl":{"start":{"line":120,"column":45},"end":{"line":120,"column":46}},"loc":{"start":{"line":120,"column":52},"end":{"line":120,"column":null}},"line":120},"9":{"name":"(anonymous_9)","decl":{"start":{"line":144,"column":45},"end":{"line":144,"column":46}},"loc":{"start":{"line":144,"column":52},"end":{"line":144,"column":null}},"line":144}},"branchMap":{"0":{"loc":{"start":{"line":62,"column":18},"end":{"line":62,"column":null}},"type":"cond-expr","locations":[{"start":{"line":62,"column":33},"end":{"line":62,"column":66}},{"start":{"line":62,"column":66},"end":{"line":62,"column":null}}],"line":62},"1":{"loc":{"start":{"line":64,"column":24},"end":{"line":64,"column":null}},"type":"cond-expr","locations":[{"start":{"line":64,"column":50},"end":{"line":64,"column":71}},{"start":{"line":64,"column":71},"end":{"line":64,"column":null}}],"line":64},"2":{"loc":{"start":{"line":65,"column":21},"end":{"line":65,"column":null}},"type":"cond-expr","locations":[{"start":{"line":65,"column":44},"end":{"line":65,"column":62}},{"start":{"line":65,"column":62},"end":{"line":65,"column":null}}],"line":65},"3":{"loc":{"start":{"line":66,"column":23},"end":{"line":66,"column":null}},"type":"cond-expr","locations":[{"start":{"line":66,"column":32},"end":{"line":66,"column":51}},{"start":{"line":66,"column":51},"end":{"line":66,"column":null}}],"line":66},"4":{"loc":{"start":{"line":73,"column":8},"end":{"line":73,"column":null}},"type":"if","locations":[{"start":{"line":73,"column":8},"end":{"line":73,"column":null}},{"start":{},"end":{}}],"line":73},"5":{"loc":{"start":{"line":74,"column":8},"end":{"line":74,"column":null}},"type":"if","locations":[{"start":{"line":74,"column":8},"end":{"line":74,"column":null}},{"start":{},"end":{}}],"line":74},"6":{"loc":{"start":{"line":74,"column":12},"end":{"line":74,"column":63}},"type":"binary-expr","locations":[{"start":{"line":74,"column":12},"end":{"line":74,"column":40}},{"start":{"line":74,"column":40},"end":{"line":74,"column":63}}],"line":74},"7":{"loc":{"start":{"line":82,"column":8},"end":{"line":82,"column":null}},"type":"if","locations":[{"start":{"line":82,"column":8},"end":{"line":82,"column":null}},{"start":{},"end":{}}],"line":82},"8":{"loc":{"start":{"line":83,"column":8},"end":{"line":83,"column":null}},"type":"if","locations":[{"start":{"line":83,"column":8},"end":{"line":83,"column":null}},{"start":{},"end":{}}],"line":83},"9":{"loc":{"start":{"line":83,"column":12},"end":{"line":83,"column":62}},"type":"binary-expr","locations":[{"start":{"line":83,"column":12},"end":{"line":83,"column":39}},{"start":{"line":83,"column":39},"end":{"line":83,"column":62}}],"line":83},"10":{"loc":{"start":{"line":89,"column":8},"end":{"line":92,"column":9}},"type":"if","locations":[{"start":{"line":89,"column":8},"end":{"line":92,"column":9}},{"start":{},"end":{}}],"line":89},"11":{"loc":{"start":{"line":103,"column":10},"end":{"line":161,"column":null}},"type":"binary-expr","locations":[{"start":{"line":103,"column":10},"end":{"line":103,"column":22}},{"start":{"line":103,"column":22},"end":{"line":103,"column":49}},{"start":{"line":103,"column":49},"end":{"line":161,"column":null}}],"line":103},"12":{"loc":{"start":{"line":104,"column":31},"end":{"line":104,"column":73}},"type":"cond-expr","locations":[{"start":{"line":104,"column":57},"end":{"line":104,"column":71}},{"start":{"line":104,"column":71},"end":{"line":104,"column":73}}],"line":104},"13":{"loc":{"start":{"line":104,"column":77},"end":{"line":104,"column":113}},"type":"cond-expr","locations":[{"start":{"line":104,"column":100},"end":{"line":104,"column":111}},{"start":{"line":104,"column":111},"end":{"line":104,"column":113}}],"line":104},"14":{"loc":{"start":{"line":109,"column":36},"end":{"line":109,"column":99}},"type":"cond-expr","locations":[{"start":{"line":109,"column":79},"end":{"line":109,"column":97}},{"start":{"line":109,"column":97},"end":{"line":109,"column":99}}],"line":109},"15":{"loc":{"start":{"line":109,"column":104},"end":{"line":109,"column":161}},"type":"cond-expr","locations":[{"start":{"line":109,"column":138},"end":{"line":109,"column":159}},{"start":{"line":109,"column":159},"end":{"line":109,"column":161}}],"line":109},"16":{"loc":{"start":{"line":109,"column":104},"end":{"line":109,"column":138}},"type":"binary-expr","locations":[{"start":{"line":109,"column":104},"end":{"line":109,"column":123}},{"start":{"line":109,"column":123},"end":{"line":109,"column":138}}],"line":109},"17":{"loc":{"start":{"line":110,"column":30},"end":{"line":114,"column":null}},"type":"cond-expr","locations":[{"start":{"line":111,"column":29},"end":{"line":114,"column":50}},{"start":{"line":114,"column":50},"end":{"line":114,"column":null}}],"line":110},"18":{"loc":{"start":{"line":110,"column":30},"end":{"line":110,"column":null}},"type":"binary-expr","locations":[{"start":{"line":110,"column":30},"end":{"line":110,"column":46}},{"start":{"line":110,"column":46},"end":{"line":110,"column":58}},{"start":{"line":110,"column":58},"end":{"line":110,"column":null}}],"line":110},"19":{"loc":{"start":{"line":116,"column":24},"end":{"line":126,"column":null}},"type":"binary-expr","locations":[{"start":{"line":116,"column":24},"end":{"line":116,"column":null}},{"start":{"line":117,"column":28},"end":{"line":126,"column":null}}],"line":116},"20":{"loc":{"start":{"line":118,"column":45},"end":{"line":120,"column":null}},"type":"cond-expr","locations":[{"start":{"line":119,"column":45},"end":{"line":119,"column":null}},{"start":{"line":120,"column":45},"end":{"line":120,"column":null}}],"line":118},"21":{"loc":{"start":{"line":126,"column":28},"end":{"line":137,"column":null}},"type":"binary-expr","locations":[{"start":{"line":129,"column":25},"end":{"line":129,"column":34}},{"start":{"line":129,"column":34},"end":{"line":129,"column":null}},{"start":{"line":130,"column":28},"end":{"line":137,"column":null}}],"line":126},"22":{"loc":{"start":{"line":130,"column":50},"end":{"line":130,"column":92}},"type":"cond-expr","locations":[{"start":{"line":130,"column":76},"end":{"line":130,"column":90}},{"start":{"line":130,"column":90},"end":{"line":130,"column":92}}],"line":130},"23":{"loc":{"start":{"line":130,"column":96},"end":{"line":130,"column":137}},"type":"cond-expr","locations":[{"start":{"line":130,"column":119},"end":{"line":130,"column":135}},{"start":{"line":130,"column":135},"end":{"line":130,"column":137}}],"line":130},"24":{"loc":{"start":{"line":130,"column":141},"end":{"line":130,"column":169}},"type":"cond-expr","locations":[{"start":{"line":130,"column":151},"end":{"line":130,"column":167}},{"start":{"line":130,"column":167},"end":{"line":130,"column":169}}],"line":130},"25":{"loc":{"start":{"line":130,"column":173},"end":{"line":130,"column":207}},"type":"cond-expr","locations":[{"start":{"line":130,"column":191},"end":{"line":130,"column":205}},{"start":{"line":130,"column":205},"end":{"line":130,"column":207}}],"line":130},"26":{"loc":{"start":{"line":140,"column":24},"end":{"line":150,"column":null}},"type":"binary-expr","locations":[{"start":{"line":140,"column":24},"end":{"line":140,"column":null}},{"start":{"line":141,"column":28},"end":{"line":150,"column":null}}],"line":140},"27":{"loc":{"start":{"line":142,"column":45},"end":{"line":144,"column":null}},"type":"cond-expr","locations":[{"start":{"line":143,"column":45},"end":{"line":143,"column":null}},{"start":{"line":144,"column":45},"end":{"line":144,"column":null}}],"line":142},"28":{"loc":{"start":{"line":155,"column":20},"end":{"line":158,"column":null}},"type":"binary-expr","locations":[{"start":{"line":155,"column":20},"end":{"line":155,"column":null}},{"start":{"line":156,"column":24},"end":{"line":158,"column":null}}],"line":155},"29":{"loc":{"start":{"line":106,"column":22},"end":{"line":106,"column":null}},"type":"cond-expr","locations":[{"start":{"line":106,"column":32},"end":{"line":106,"column":42}},{"start":{"line":106,"column":42},"end":{"line":106,"column":null}}],"line":106}},"s":{"0":11,"1":11,"2":11,"3":11,"4":11,"5":11,"6":11,"7":1,"8":1,"9":1,"10":1,"11":1,"12":1,"13":1,"14":1,"15":11,"16":1,"17":1,"18":1,"19":1,"20":1,"21":1,"22":1,"23":1,"24":11,"25":0,"26":0,"27":0,"28":0,"29":0,"30":11,"31":11,"32":11,"33":11,"34":17,"35":0,"36":0},"f":{"0":11,"1":1,"2":1,"3":1,"4":1,"5":0,"6":11,"7":17,"8":0,"9":0},"b":{"0":[11,0],"1":[10,1],"2":[1,10],"3":[0,11],"4":[1,0],"5":[1,0],"6":[1,1],"7":[1,0],"8":[1,0],"9":[1,1],"10":[0,0],"11":[11,11,11],"12":[16,1],"13":[1,16],"14":[17,0],"15":[12,5],"16":[17,5],"17":[0,17],"18":[17,0,0],"19":[17,3],"20":[3,0],"21":[17,0,17],"22":[16,1],"23":[1,16],"24":[0,17],"25":[12,5],"26":[17,3],"27":[3,0],"28":[17,0],"29":[17,0]},"meta":{"lastBranch":30,"lastFunction":10,"lastStatement":37,"seen":{"f:44:9:44:17":0,"s:59:8:59:Infinity":0,"s:61:32:61:Infinity":1,"s:62:18:62:Infinity":2,"b:62:33:62:66:62:66:62:Infinity":0,"s:64:24:64:Infinity":3,"b:64:50:64:71:64:71:64:Infinity":1,"s:65:21:65:Infinity":4,"b:65:44:65:62:65:62:65:Infinity":2,"s:66:23:66:Infinity":5,"b:66:32:66:51:66:51:66:Infinity":3,"s:68:44:75:Infinity":6,"f:68:44:68:45":1,"s:69:8:69:Infinity":7,"s:70:28:70:Infinity":8,"s:71:21:71:Infinity":9,"f:71:38:71:46":2,"s:71:46:71:80":10,"b:73:8:73:Infinity:undefined:undefined:undefined:undefined":4,"s:73:8:73:Infinity":11,"s:73:35:73:Infinity":12,"b:74:8:74:Infinity:undefined:undefined:undefined:undefined":5,"s:74:8:74:Infinity":13,"b:74:12:74:40:74:40:74:63":6,"s:74:63:74:Infinity":14,"s:77:43:84:Infinity":15,"f:77:43:77:44":3,"s:78:8:78:Infinity":16,"s:79:28:79:Infinity":17,"s:80:21:80:Infinity":18,"f:80:38:80:46":4,"s:80:46:80:80":19,"b:82:8:82:Infinity:undefined:undefined:undefined:undefined":7,"s:82:8:82:Infinity":20,"s:82:35:82:Infinity":21,"b:83:8:83:Infinity:undefined:undefined:undefined:undefined":8,"s:83:8:83:Infinity":22,"b:83:12:83:39:83:39:83:62":9,"s:83:62:83:Infinity":23,"s:86:41:93:Infinity":24,"f:86:41:86:42":5,"s:87:8:87:Infinity":25,"s:88:28:88:Infinity":26,"b:89:8:92:9:undefined:undefined:undefined:undefined":10,"s:89:8:92:9":27,"s:90:12:90:Infinity":28,"s:91:12:91:Infinity":29,"s:95:4:97:Infinity":30,"f:95:14:95:20":6,"s:96:8:96:Infinity":31,"s:99:20:99:Infinity":32,"s:101:4:162:Infinity":33,"b:103:10:103:22:103:22:103:49:103:49:161:Infinity":11,"f:103:59:103:60":7,"s:104:12:160:Infinity":34,"b:104:57:104:71:104:71:104:73":12,"b:104:100:104:111:104:111:104:113":13,"b:109:79:109:97:109:97:109:99":14,"b:109:138:109:159:109:159:109:161":15,"b:109:104:109:123:109:123:109:138":16,"b:111:29:114:50:114:50:114:Infinity":17,"b:110:30:110:46:110:46:110:58:110:58:110:Infinity":18,"b:116:24:116:Infinity:117:28:126:Infinity":19,"b:119:45:119:Infinity:120:45:120:Infinity":20,"f:120:45:120:46":8,"s:120:53:120:71":35,"b:129:25:129:34:129:34:129:Infinity:130:28:137:Infinity":21,"b:130:76:130:90:130:90:130:92":22,"b:130:119:130:135:130:135:130:137":23,"b:130:151:130:167:130:167:130:169":24,"b:130:191:130:205:130:205:130:207":25,"b:140:24:140:Infinity:141:28:150:Infinity":26,"b:143:45:143:Infinity:144:45:144:Infinity":27,"f:144:45:144:46":9,"s:144:53:144:71":36,"b:155:20:155:Infinity:156:24:158:Infinity":28,"b:106:32:106:42:106:42:106:Infinity":29}}}
,"C:\\Users\\joshu\\Accounting Web App\\frontend\\src\\components\\Navigation\\Navigation.module.css": {"path":"C:\\Users\\joshu\\Accounting Web App\\frontend\\src\\components\\Navigation\\Navigation.module.css","statementMap":{},"fnMap":{},"branchMap":{},"s":{},"f":{},"b":{},"meta":{"lastBranch":0,"lastFunction":0,"lastStatement":0,"seen":{}}}
,"C:\\Users\\joshu\\Accounting Web App\\frontend\\src\\components\\Navigation\\Navigation.tsx": {"path":"C:\\Users\\joshu\\Accounting Web App\\frontend\\src\\components\\Navigation\\Navigation.tsx","statementMap":{"0":{"start":{"line":7,"column":19},"end":{"line":55,"column":null}},"1":{"start":{"line":11,"column":40},"end":{"line":11,"column":null}},"2":{"start":{"line":12,"column":24},"end":{"line":12,"column":null}},"3":{"start":{"line":14,"column":25},"end":{"line":16,"column":null}},"4":{"start":{"line":15,"column":8},"end":{"line":15,"column":null}},"5":{"start":{"line":19,"column":8},"end":{"line":21,"column":null}},"6":{"start":{"line":23,"column":4},"end":{"line":36,"column":null}},"7":{"start":{"line":24,"column":36},"end":{"line":29,"column":null}},"8":{"start":{"line":25,"column":12},"end":{"line":27,"column":13}},"9":{"start":{"line":26,"column":16},"end":{"line":26,"column":null}},"10":{"start":{"line":26,"column":68},"end":{"line":26,"column":null}},"11":{"start":{"line":28,"column":12},"end":{"line":28,"column":null}},"12":{"start":{"line":31,"column":8},"end":{"line":31,"column":null}},"13":{"start":{"line":33,"column":8},"end":{"line":35,"column":null}},"14":{"start":{"line":34,"column":12},"end":{"line":34,"column":null}},"15":{"start":{"line":38,"column":4},"end":{"line":53,"column":null}}},"fnMap":{"0":{"name":"(anonymous_0)","decl":{"start":{"line":7,"column":19},"end":{"line":7,"column":20}},"loc":{"start":{"line":7,"column":49},"end":{"line":55,"column":null}},"line":7},"1":{"name":"(anonymous_1)","decl":{"start":{"line":14,"column":25},"end":{"line":14,"column":31}},"loc":{"start":{"line":14,"column":31},"end":{"line":16,"column":null}},"line":14},"2":{"name":"(anonymous_2)","decl":{"start":{"line":23,"column":14},"end":{"line":23,"column":20}},"loc":{"start":{"line":23,"column":20},"end":{"line":36,"column":6}},"line":23},"3":{"name":"(anonymous_3)","decl":{"start":{"line":24,"column":36},"end":{"line":24,"column":37}},"loc":{"start":{"line":24,"column":55},"end":{"line":29,"column":null}},"line":24},"4":{"name":"(anonymous_4)","decl":{"start":{"line":33,"column":15},"end":{"line":33,"column":21}},"loc":{"start":{"line":33,"column":21},"end":{"line":35,"column":null}},"line":33}},"branchMap":{"0":{"loc":{"start":{"line":25,"column":12},"end":{"line":27,"column":13}},"type":"if","locations":[{"start":{"line":25,"column":12},"end":{"line":27,"column":13}},{"start":{},"end":{}}],"line":25},"1":{"loc":{"start":{"line":26,"column":16},"end":{"line":26,"column":null}},"type":"if","locations":[{"start":{"line":26,"column":16},"end":{"line":26,"column":null}},{"start":{},"end":{}}],"line":26},"2":{"loc":{"start":{"line":44,"column":17},"end":{"line":44,"column":null}},"type":"binary-expr","locations":[{"start":{"line":44,"column":17},"end":{"line":44,"column":33}},{"start":{"line":44,"column":33},"end":{"line":44,"column":null}}],"line":44}},"s":{"0":1,"1":8,"2":8,"3":8,"4":3,"5":8,"6":8,"7":4,"8":1,"9":0,"10":0,"11":1,"12":4,"13":4,"14":4,"15":8},"f":{"0":8,"1":3,"2":4,"3":1,"4":4},"b":{"0":[0,1],"1":[0,0],"2":[8,2]},"meta":{"lastBranch":3,"lastFunction":5,"lastStatement":16,"seen":{"s:7:19:55:Infinity":0,"f:7:19:7:20":0,"s:11:40:11:Infinity":1,"s:12:24:12:Infinity":2,"s:14:25:16:Infinity":3,"f:14:25:14:31":1,"s:15:8:15:Infinity":4,"s:19:8:21:Infinity":5,"s:23:4:36:Infinity":6,"f:23:14:23:20":2,"s:24:36:29:Infinity":7,"f:24:36:24:37":3,"b:25:12:27:13:undefined:undefined:undefined:undefined":0,"s:25:12:27:13":8,"b:26:16:26:Infinity:undefined:undefined:undefined:undefined":1,"s:26:16:26:Infinity":9,"s:26:68:26:Infinity":10,"s:28:12:28:Infinity":11,"s:31:8:31:Infinity":12,"s:33:8:35:Infinity":13,"f:33:15:33:21":4,"s:34:12:34:Infinity":14,"s:38:4:53:Infinity":15,"b:44:17:44:33:44:33:44:Infinity":2}}}
,"C:\\Users\\joshu\\Accounting Web App\\frontend\\src\\components\\Notify\\Notify.module.css": {"path":"C:\\Users\\joshu\\Accounting Web App\\frontend\\src\\components\\Notify\\Notify.module.css","statementMap":{},"fnMap":{},"branchMap":{},"s":{},"f":{},"b":{},"meta":{"lastBranch":0,"lastFunction":0,"lastStatement":0,"seen":{}}}
,"C:\\Users\\joshu\\Accounting Web App\\frontend\\src\\components\\Notify\\Notify.tsx": {"path":"C:\\Users\\joshu\\Accounting Web App\\frontend\\src\\components\\Notify\\Notify.tsx","statementMap":{"0":{"start":{"line":13,"column":4},"end":{"line":25,"column":5}},"1":{"start":{"line":15,"column":12},"end":{"line":15,"column":null}},"2":{"start":{"line":16,"column":12},"end":{"line":16,"column":null}},"3":{"start":{"line":18,"column":12},"end":{"line":18,"column":null}},"4":{"start":{"line":19,"column":12},"end":{"line":19,"column":null}},"5":{"start":{"line":21,"column":12},"end":{"line":21,"column":null}},"6":{"start":{"line":22,"column":12},"end":{"line":22,"column":null}},"7":{"start":{"line":24,"column":12},"end":{"line":24,"column":null}},"8":{"start":{"line":27,"column":4},"end":{"line":35,"column":null}}},"fnMap":{"0":{"name":"Notify","decl":{"start":{"line":10,"column":9},"end":{"line":10,"column":16}},"loc":{"start":{"line":10,"column":67},"end":{"line":37,"column":1}},"line":10}},"branchMap":{"0":{"loc":{"start":{"line":13,"column":4},"end":{"line":25,"column":5}},"type":"switch","locations":[{"start":{"line":14,"column":8},"end":{"line":16,"column":null}},{"start":{"line":17,"column":8},"end":{"line":19,"column":null}},{"start":{"line":20,"column":8},"end":{"line":22,"column":null}},{"start":{"line":23,"column":8},"end":{"line":24,"column":null}}],"line":13},"1":{"loc":{"start":{"line":28,"column":45},"end":{"line":28,"column":81}},"type":"cond-expr","locations":[{"start":{"line":28,"column":52},"end":{"line":28,"column":68}},{"start":{"line":28,"column":68},"end":{"line":28,"column":81}}],"line":28}},"s":{"0":9,"1":7,"2":7,"3":1,"4":1,"5":1,"6":1,"7":0,"8":9},"f":{"0":9},"b":{"0":[7,1,1,0],"1":[9,0]},"meta":{"lastBranch":2,"lastFunction":1,"lastStatement":9,"seen":{"f:10:9:10:16":0,"b:14:8:16:Infinity:17:8:19:Infinity:20:8:22:Infinity:23:8:24:Infinity":0,"s:13:4:25:5":0,"s:15:12:15:Infinity":1,"s:16:12:16:Infinity":2,"s:18:12:18:Infinity":3,"s:19:12:19:Infinity":4,"s:21:12:21:Infinity":5,"s:22:12:22:Infinity":6,"s:24:12:24:Infinity":7,"s:27:4:35:Infinity":8,"b:28:52:28:68:28:68:28:81":1}}}
,"C:\\Users\\joshu\\Accounting Web App\\frontend\\src\\components\\VerticalGallery\\VerticalGallery.module.css": {"path":"C:\\Users\\joshu\\Accounting Web App\\frontend\\src\\components\\VerticalGallery\\VerticalGallery.module.css","statementMap":{},"fnMap":{},"branchMap":{},"s":{},"f":{},"b":{},"meta":{"lastBranch":0,"lastFunction":0,"lastStatement":0,"seen":{}}}
,"C:\\Users\\joshu\\Accounting Web App\\frontend\\src\\components\\VerticalGallery\\VerticalGallery.tsx": {"path":"C:\\Users\\joshu\\Accounting Web App\\frontend\\src\\components\\VerticalGallery\\VerticalGallery.tsx","statementMap":{"0":{"start":{"line":34,"column":8},"end":{"line":34,"column":null}},"1":{"start":{"line":35,"column":41},"end":{"line":35,"column":null}},"2":{"start":{"line":49,"column":4},"end":{"line":73,"column":null}}},"fnMap":{"0":{"name":"VerticalGallery","decl":{"start":{"line":15,"column":9},"end":{"line":15,"column":25}},"loc":{"start":{"line":15,"column":71},"end":{"line":75,"column":1}},"line":15}},"branchMap":{"0":{"loc":{"start":{"line":35,"column":41},"end":{"line":35,"column":null}},"type":"cond-expr","locations":[{"start":{"line":35,"column":56},"end":{"line":35,"column":71}},{"start":{"line":35,"column":71},"end":{"line":35,"column":null}}],"line":35},"1":{"loc":{"start":{"line":50,"column":58},"end":{"line":50,"column":null}},"type":"cond-expr","locations":[{"start":{"line":50,"column":68},"end":{"line":50,"column":93}},{"start":{"line":50,"column":93},"end":{"line":50,"column":null}}],"line":50},"2":{"loc":{"start":{"line":51,"column":51},"end":{"line":51,"column":null}},"type":"cond-expr","locations":[{"start":{"line":51,"column":61},"end":{"line":51,"column":82}},{"start":{"line":51,"column":82},"end":{"line":51,"column":null}}],"line":51},"3":{"loc":{"start":{"line":56,"column":17},"end":{"line":69,"column":null}},"type":"binary-expr","locations":[{"start":{"line":56,"column":17},"end":{"line":56,"column":null}},{"start":{"line":57,"column":20},"end":{"line":69,"column":null}}],"line":56}},"s":{"0":7,"1":7,"2":7},"f":{"0":7},"b":{"0":[7,0],"1":[6,1],"2":[6,1],"3":[7,6]},"meta":{"lastBranch":4,"lastFunction":1,"lastStatement":3,"seen":{"f:15:9:15:25":0,"s:34:8:34:Infinity":0,"s:35:41:35:Infinity":1,"b:35:56:35:71:35:71:35:Infinity":0,"s:49:4:73:Infinity":2,"b:50:68:50:93:50:93:50:Infinity":1,"b:51:61:51:82:51:82:51:Infinity":2,"b:56:17:56:Infinity:57:20:69:Infinity":3}}}
,"C:\\Users\\joshu\\Accounting Web App\\frontend\\src\\utils\\constants.tsx": {"path":"C:\\Users\\joshu\\Accounting Web App\\frontend\\src\\utils\\constants.tsx","statementMap":{"0":{"start":{"line":1,"column":25},"end":{"line":12,"column":null}}},"fnMap":{},"branchMap":{},"s":{"0":2},"f":{},"b":{},"meta":{"lastBranch":0,"lastFunction":0,"lastStatement":1,"seen":{"s:1:25:12:Infinity":0}}}
,"C:\\Users\\joshu\\Accounting Web App\\frontend\\src\\utils\\createUser.tsx": {"path":"C:\\Users\\joshu\\Accounting Web App\\frontend\\src\\utils\\createUser.tsx","statementMap":{"0":{"start":{"line":4,"column":19},"end":{"line":7,"column":null}},"1":{"start":{"line":5,"column":27},"end":{"line":5,"column":null}},"2":{"start":{"line":6,"column":4},"end":{"line":6,"column":null}}},"fnMap":{"0":{"name":"(anonymous_0)","decl":{"start":{"line":4,"column":19},"end":{"line":4,"column":36}},"loc":{"start":{"line":4,"column":36},"end":{"line":7,"column":null}},"line":4}},"branchMap":{},"s":{"0":4,"1":18,"2":18},"f":{"0":18},"b":{},"meta":{"lastBranch":0,"lastFunction":1,"lastStatement":3,"seen":{"s:4:19:7:Infinity":0,"f:4:19:4:36":0,"s:5:27:5:Infinity":1,"s:6:4:6:Infinity":2}}}
}
